mode: set
github.com/VimleshS/game/score/aggregator.go:15.44,19.2 1 1
github.com/VimleshS/game/score/aggregator.go:21.49,22.16 1 1
github.com/VimleshS/game/score/aggregator.go:22.16,24.3 1 0
github.com/VimleshS/game/score/aggregator.go:24.8,26.3 1 1
github.com/VimleshS/game/score/aggregator.go:29.28,30.31 1 1
github.com/VimleshS/game/score/aggregator.go:30.31,32.3 1 1
github.com/VimleshS/game/score/aggregator.go:35.28,37.2 0 0
github.com/VimleshS/game/score/scoreboard.go:13.53,15.2 1 1
github.com/VimleshS/game/store/ds.go:7.48,11.2 3 1
github.com/VimleshS/game/store/ds.go:13.49,15.2 1 1
github.com/VimleshS/game/store/ds.go:17.38,19.2 1 0
github.com/VimleshS/game/store/ds.go:21.36,23.2 1 1
github.com/VimleshS/game/types/batsman.go:18.52,24.2 1 1
github.com/VimleshS/game/types/batsman.go:26.39,28.2 1 0
github.com/VimleshS/game/types/batsman.go:30.41,32.2 1 0
github.com/VimleshS/game/types/batsman.go:34.43,38.2 3 1
github.com/VimleshS/game/types/batsman.go:40.56,41.26 1 1
github.com/VimleshS/game/types/batsman.go:44.2,44.38 1 1
github.com/VimleshS/game/types/batsman.go:41.26,43.3 1 0
github.com/VimleshS/game/types/batsman.go:47.40,48.14 1 0
github.com/VimleshS/game/types/batsman.go:51.2,51.14 1 0
github.com/VimleshS/game/types/batsman.go:48.14,50.3 1 0
github.com/VimleshS/game/types/batsman.go:54.35,56.2 1 0
github.com/VimleshS/game/types/batsman.go:58.34,60.23 2 0
github.com/VimleshS/game/types/batsman.go:63.2,64.23 1 0
github.com/VimleshS/game/types/batsman.go:60.23,62.3 1 0
github.com/VimleshS/game/types/batsman.go:67.36,69.2 1 0
github.com/VimleshS/game/types/batsman.go:71.40,74.2 2 0
github.com/VimleshS/game/types/bowler.go:16.37,21.2 1 1
github.com/VimleshS/game/types/bowler.go:23.34,27.2 3 0
github.com/VimleshS/game/types/bowler.go:29.38,31.2 1 0
github.com/VimleshS/game/types/bowler.go:33.41,36.2 2 1
github.com/VimleshS/game/types/bowler.go:38.42,40.2 1 1
github.com/VimleshS/game/types/bowler.go:42.40,44.2 1 0
github.com/VimleshS/game/sports/cricket.go:22.26,27.2 1 1
github.com/VimleshS/game/sports/cricket.go:29.29,31.40 1 0
github.com/VimleshS/game/sports/cricket.go:36.2,37.67 1 0
github.com/VimleshS/game/sports/cricket.go:31.40,32.30 1 0
github.com/VimleshS/game/sports/cricket.go:40.60,41.13 1 0
github.com/VimleshS/game/sports/cricket.go:46.2,46.19 1 0
github.com/VimleshS/game/sports/cricket.go:42.57,43.52 1 0
github.com/VimleshS/game/sports/cricket.go:47.22,48.52 1 0
github.com/VimleshS/game/sports/cricket.go:53.53,55.2 1 0
github.com/VimleshS/game/sports/cricket.go:57.26,58.15 1 0
github.com/VimleshS/game/sports/cricket.go:63.2,68.33 5 0
github.com/VimleshS/game/sports/cricket.go:58.15,61.3 2 0
github.com/VimleshS/game/sports/cricket.go:68.33,71.49 1 0
github.com/VimleshS/game/sports/cricket.go:76.3,82.10 6 0
github.com/VimleshS/game/sports/cricket.go:100.3,103.38 2 0
github.com/VimleshS/game/sports/cricket.go:107.3,107.58 1 0
github.com/VimleshS/game/sports/cricket.go:71.49,74.4 1 0
github.com/VimleshS/game/sports/cricket.go:82.10,88.39 4 0
github.com/VimleshS/game/sports/cricket.go:88.39,92.13 3 0
github.com/VimleshS/game/sports/cricket.go:93.10,97.5 3 0
github.com/VimleshS/game/sports/cricket.go:103.38,106.4 2 0
github.com/VimleshS/game/sports/cricket.go:111.36,115.38 4 0
github.com/VimleshS/game/sports/cricket.go:115.38,119.3 3 0
github.com/VimleshS/game/sports/cricket.go:122.74,124.30 2 1
github.com/VimleshS/game/sports/cricket.go:147.2,147.22 1 1
github.com/VimleshS/game/sports/cricket.go:124.30,128.35 3 1
github.com/VimleshS/game/sports/cricket.go:128.35,130.47 2 1
github.com/VimleshS/game/sports/cricket.go:143.4,144.17 2 1
github.com/VimleshS/game/sports/cricket.go:130.47,137.12 3 1
github.com/VimleshS/game/sports/cricket.go:138.29,138.29 0 1
github.com/VimleshS/game/sports/cricket.go:139.21,140.12 1 1
github.com/VimleshS/game/sports/team.go:21.77,23.2 1 1
github.com/VimleshS/game/sports/team.go:25.30,27.2 1 0
github.com/VimleshS/game/sports/team.go:29.41,31.2 1 0
github.com/VimleshS/game/sports/team.go:33.33,35.2 1 0
github.com/VimleshS/game/sports/team.go:37.47,38.28 1 0
github.com/VimleshS/game/sports/team.go:38.28,41.3 1 0
github.com/VimleshS/game/sports/team.go:41.8,44.3 1 0
github.com/VimleshS/game/sports/team.go:47.57,48.36 1 0
github.com/VimleshS/game/sports/team.go:51.2,51.30 1 0
github.com/VimleshS/game/sports/team.go:48.36,50.3 1 0
